Analysis & Synthesis report for CPU-1
Fri Mar 11 14:20:27 2022
Quartus Prime Version 18.1.0 Build 625 09/12/2018 SJ Lite Edition


---------------------
; Table of Contents ;
---------------------
  1. Legal Notice
  2. Analysis & Synthesis Summary
  3. Analysis & Synthesis Settings
  4. Parallel Compilation
  5. Analysis & Synthesis Source Files Read
  6. Analysis & Synthesis Resource Usage Summary
  7. Analysis & Synthesis Resource Utilization by Entity
  8. State Machine - |CPU|Execution:Ctrl|state
  9. General Register Statistics
 10. Multiplexer Restructuring Statistics (Restructuring Performed)
 11. Post-Synthesis Netlist Statistics for Top Partition
 12. Elapsed Time Per Partition
 13. Analysis & Synthesis Messages



----------------
; Legal Notice ;
----------------
Copyright (C) 2018  Intel Corporation. All rights reserved.
Your use of Intel Corporation's design tools, logic functions 
and other software and tools, and its AMPP partner logic 
functions, and any output files from any of the foregoing 
(including device programming or simulation files), and any 
associated documentation or information are expressly subject 
to the terms and conditions of the Intel Program License 
Subscription Agreement, the Intel Quartus Prime License Agreement,
the Intel FPGA IP License Agreement, or other applicable license
agreement, including, without limitation, that your use is for
the sole purpose of programming logic devices manufactured by
Intel and sold by Intel or its authorized distributors.  Please
refer to the applicable agreement for further details.



+----------------------------------------------------------------------------------+
; Analysis & Synthesis Summary                                                     ;
+------------------------------------+---------------------------------------------+
; Analysis & Synthesis Status        ; Successful - Fri Mar 11 14:20:27 2022       ;
; Quartus Prime Version              ; 18.1.0 Build 625 09/12/2018 SJ Lite Edition ;
; Revision Name                      ; CPU-1                                       ;
; Top-level Entity Name              ; CPU                                         ;
; Family                             ; Cyclone IV E                                ;
; Total logic elements               ; 217                                         ;
;     Total combinational functions  ; 169                                         ;
;     Dedicated logic registers      ; 95                                          ;
; Total registers                    ; 95                                          ;
; Total pins                         ; 28                                          ;
; Total virtual pins                 ; 0                                           ;
; Total memory bits                  ; 0                                           ;
; Embedded Multiplier 9-bit elements ; 0                                           ;
; Total PLLs                         ; 0                                           ;
+------------------------------------+---------------------------------------------+


+------------------------------------------------------------------------------------------------------------+
; Analysis & Synthesis Settings                                                                              ;
+------------------------------------------------------------------+--------------------+--------------------+
; Option                                                           ; Setting            ; Default Value      ;
+------------------------------------------------------------------+--------------------+--------------------+
; Device                                                           ; EP4CE15F23C8       ;                    ;
; Top-level entity name                                            ; CPU                ; CPU-1              ;
; Family name                                                      ; Cyclone IV E       ; Cyclone V          ;
; Use smart compilation                                            ; Off                ; Off                ;
; Enable parallel Assembler and Timing Analyzer during compilation ; On                 ; On                 ;
; Enable compact report table                                      ; Off                ; Off                ;
; Restructure Multiplexers                                         ; Auto               ; Auto               ;
; Create Debugging Nodes for IP Cores                              ; Off                ; Off                ;
; Preserve fewer node names                                        ; On                 ; On                 ;
; Intel FPGA IP Evaluation Mode                                    ; Enable             ; Enable             ;
; Verilog Version                                                  ; Verilog_2001       ; Verilog_2001       ;
; VHDL Version                                                     ; VHDL_1993          ; VHDL_1993          ;
; State Machine Processing                                         ; Auto               ; Auto               ;
; Safe State Machine                                               ; Off                ; Off                ;
; Extract Verilog State Machines                                   ; On                 ; On                 ;
; Extract VHDL State Machines                                      ; On                 ; On                 ;
; Ignore Verilog initial constructs                                ; Off                ; Off                ;
; Iteration limit for constant Verilog loops                       ; 5000               ; 5000               ;
; Iteration limit for non-constant Verilog loops                   ; 250                ; 250                ;
; Add Pass-Through Logic to Inferred RAMs                          ; On                 ; On                 ;
; Infer RAMs from Raw Logic                                        ; On                 ; On                 ;
; Parallel Synthesis                                               ; On                 ; On                 ;
; DSP Block Balancing                                              ; Auto               ; Auto               ;
; NOT Gate Push-Back                                               ; On                 ; On                 ;
; Power-Up Don't Care                                              ; On                 ; On                 ;
; Remove Redundant Logic Cells                                     ; Off                ; Off                ;
; Remove Duplicate Registers                                       ; On                 ; On                 ;
; Ignore CARRY Buffers                                             ; Off                ; Off                ;
; Ignore CASCADE Buffers                                           ; Off                ; Off                ;
; Ignore GLOBAL Buffers                                            ; Off                ; Off                ;
; Ignore ROW GLOBAL Buffers                                        ; Off                ; Off                ;
; Ignore LCELL Buffers                                             ; Off                ; Off                ;
; Ignore SOFT Buffers                                              ; On                 ; On                 ;
; Limit AHDL Integers to 32 Bits                                   ; Off                ; Off                ;
; Optimization Technique                                           ; Balanced           ; Balanced           ;
; Carry Chain Length                                               ; 70                 ; 70                 ;
; Auto Carry Chains                                                ; On                 ; On                 ;
; Auto Open-Drain Pins                                             ; On                 ; On                 ;
; Perform WYSIWYG Primitive Resynthesis                            ; Off                ; Off                ;
; Auto ROM Replacement                                             ; On                 ; On                 ;
; Auto RAM Replacement                                             ; On                 ; On                 ;
; Auto DSP Block Replacement                                       ; On                 ; On                 ;
; Auto Shift Register Replacement                                  ; Auto               ; Auto               ;
; Allow Shift Register Merging across Hierarchies                  ; Auto               ; Auto               ;
; Auto Clock Enable Replacement                                    ; On                 ; On                 ;
; Strict RAM Replacement                                           ; Off                ; Off                ;
; Allow Synchronous Control Signals                                ; On                 ; On                 ;
; Force Use of Synchronous Clear Signals                           ; Off                ; Off                ;
; Auto RAM Block Balancing                                         ; On                 ; On                 ;
; Auto RAM to Logic Cell Conversion                                ; Off                ; Off                ;
; Auto Resource Sharing                                            ; Off                ; Off                ;
; Allow Any RAM Size For Recognition                               ; Off                ; Off                ;
; Allow Any ROM Size For Recognition                               ; Off                ; Off                ;
; Allow Any Shift Register Size For Recognition                    ; Off                ; Off                ;
; Use LogicLock Constraints during Resource Balancing              ; On                 ; On                 ;
; Ignore translate_off and synthesis_off directives                ; Off                ; Off                ;
; Timing-Driven Synthesis                                          ; On                 ; On                 ;
; Report Parameter Settings                                        ; On                 ; On                 ;
; Report Source Assignments                                        ; On                 ; On                 ;
; Report Connectivity Checks                                       ; On                 ; On                 ;
; Ignore Maximum Fan-Out Assignments                               ; Off                ; Off                ;
; Synchronization Register Chain Length                            ; 2                  ; 2                  ;
; Power Optimization During Synthesis                              ; Normal compilation ; Normal compilation ;
; HDL message level                                                ; Level2             ; Level2             ;
; Suppress Register Optimization Related Messages                  ; Off                ; Off                ;
; Number of Removed Registers Reported in Synthesis Report         ; 5000               ; 5000               ;
; Number of Swept Nodes Reported in Synthesis Report               ; 5000               ; 5000               ;
; Number of Inverted Registers Reported in Synthesis Report        ; 100                ; 100                ;
; Clock MUX Protection                                             ; On                 ; On                 ;
; Auto Gated Clock Conversion                                      ; Off                ; Off                ;
; Block Design Naming                                              ; Auto               ; Auto               ;
; SDC constraint protection                                        ; Off                ; Off                ;
; Synthesis Effort                                                 ; Auto               ; Auto               ;
; Shift Register Replacement - Allow Asynchronous Clear Signal     ; On                 ; On                 ;
; Pre-Mapping Resynthesis Optimization                             ; Off                ; Off                ;
; Analysis & Synthesis Message Level                               ; Medium             ; Medium             ;
; Disable Register Merging Across Hierarchies                      ; Auto               ; Auto               ;
; Resource Aware Inference For Block RAM                           ; On                 ; On                 ;
+------------------------------------------------------------------+--------------------+--------------------+


+------------------------------------------+
; Parallel Compilation                     ;
+----------------------------+-------------+
; Processors                 ; Number      ;
+----------------------------+-------------+
; Number detected on machine ; 4           ;
; Maximum allowed            ; 4           ;
;                            ;             ;
; Average used               ; 1.00        ;
; Maximum used               ; 4           ;
;                            ;             ;
; Usage by Processor         ; % Time Used ;
;     Processor 1            ; 100.0%      ;
;     Processor 2            ;   0.0%      ;
;     Processors 3-4         ;   0.0%      ;
+----------------------------+-------------+


+-------------------------------------------------------------------------------------------------------------------------------------------------+
; Analysis & Synthesis Source Files Read                                                                                                          ;
+----------------------------------+-----------------+-----------------+----------------------------------------------------------------+---------+
; File Name with User-Entered Path ; Used in Netlist ; File Type       ; File Name with Absolute Path                                   ; Library ;
+----------------------------------+-----------------+-----------------+----------------------------------------------------------------+---------+
; reg.vhd                          ; yes             ; User VHDL File  ; H:/Maciek/Elektronika/FPGA/Projekty/CPU-1/CPU-1/reg.vhd        ;         ;
; ALU.vhd                          ; yes             ; User VHDL File  ; H:/Maciek/Elektronika/FPGA/Projekty/CPU-1/CPU-1/ALU.vhd        ;         ;
; CPU.vhd                          ; yes             ; User VHDL File  ; H:/Maciek/Elektronika/FPGA/Projekty/CPU-1/CPU-1/CPU.vhd        ;         ;
; Execution.vhd                    ; yes             ; User VHDL File  ; H:/Maciek/Elektronika/FPGA/Projekty/CPU-1/CPU-1/Execution.vhd  ;         ;
; ProgCnt.vhd                      ; yes             ; User VHDL File  ; H:/Maciek/Elektronika/FPGA/Projekty/CPU-1/CPU-1/ProgCnt.vhd    ;         ;
; FlagReg.vhd                      ; yes             ; User VHDL File  ; H:/Maciek/Elektronika/FPGA/Projekty/CPU-1/CPU-1/FlagReg.vhd    ;         ;
; AddrLatch.vhd                    ; yes             ; User VHDL File  ; H:/Maciek/Elektronika/FPGA/Projekty/CPU-1/CPU-1/AddrLatch.vhd  ;         ;
; DataBuffer.vhd                   ; yes             ; User VHDL File  ; H:/Maciek/Elektronika/FPGA/Projekty/CPU-1/CPU-1/DataBuffer.vhd ;         ;
; Ireg.vhd                         ; yes             ; User VHDL File  ; H:/Maciek/Elektronika/FPGA/Projekty/CPU-1/CPU-1/Ireg.vhd       ;         ;
+----------------------------------+-----------------+-----------------+----------------------------------------------------------------+---------+


+---------------------------------------------------------+
; Analysis & Synthesis Resource Usage Summary             ;
+---------------------------------------------+-----------+
; Resource                                    ; Usage     ;
+---------------------------------------------+-----------+
; Estimated Total logic elements              ; 217       ;
;                                             ;           ;
; Total combinational functions               ; 169       ;
; Logic element usage by number of LUT inputs ;           ;
;     -- 4 input functions                    ; 77        ;
;     -- 3 input functions                    ; 57        ;
;     -- <=2 input functions                  ; 35        ;
;                                             ;           ;
; Logic elements by mode                      ;           ;
;     -- normal mode                          ; 146       ;
;     -- arithmetic mode                      ; 23        ;
;                                             ;           ;
; Total registers                             ; 95        ;
;     -- Dedicated logic registers            ; 95        ;
;     -- I/O registers                        ; 0         ;
;                                             ;           ;
; I/O pins                                    ; 28        ;
;                                             ;           ;
; Embedded Multiplier 9-bit elements          ; 0         ;
;                                             ;           ;
; Maximum fan-out node                        ; clk~input ;
; Maximum fan-out                             ; 95        ;
; Total fan-out                               ; 1007      ;
; Average fan-out                             ; 3.07      ;
+---------------------------------------------+-----------+


+----------------------------------------------------------------------------------------------------------------------------------------------------------------------------------------------------------+
; Analysis & Synthesis Resource Utilization by Entity                                                                                                                                                      ;
+----------------------------+---------------------+---------------------------+-------------+--------------+---------+-----------+------+--------------+---------------------+-------------+--------------+
; Compilation Hierarchy Node ; Combinational ALUTs ; Dedicated Logic Registers ; Memory Bits ; DSP Elements ; DSP 9x9 ; DSP 18x18 ; Pins ; Virtual Pins ; Full Hierarchy Name ; Entity Name ; Library Name ;
+----------------------------+---------------------+---------------------------+-------------+--------------+---------+-----------+------+--------------+---------------------+-------------+--------------+
; |CPU                       ; 169 (0)             ; 95 (0)                    ; 0           ; 0            ; 0       ; 0         ; 28   ; 0            ; |CPU                ; CPU         ; work         ;
;    |ALU:Arith|             ; 35 (35)             ; 0 (0)                     ; 0           ; 0            ; 0       ; 0         ; 0    ; 0            ; |CPU|ALU:Arith      ; ALU         ; work         ;
;    |AddrLatch:AL|          ; 16 (16)             ; 16 (16)                   ; 0           ; 0            ; 0       ; 0         ; 0    ; 0            ; |CPU|AddrLatch:AL   ; AddrLatch   ; work         ;
;    |DataBuffer:DB|         ; 39 (39)             ; 0 (0)                     ; 0           ; 0            ; 0       ; 0         ; 0    ; 0            ; |CPU|DataBuffer:DB  ; DataBuffer  ; work         ;
;    |Execution:Ctrl|        ; 60 (60)             ; 20 (20)                   ; 0           ; 0            ; 0       ; 0         ; 0    ; 0            ; |CPU|Execution:Ctrl ; Execution   ; work         ;
;    |FlagReg:FR|            ; 1 (1)               ; 3 (3)                     ; 0           ; 0            ; 0       ; 0         ; 0    ; 0            ; |CPU|FlagReg:FR     ; FlagReg     ; work         ;
;    |Ireg:IR|               ; 0 (0)               ; 8 (8)                     ; 0           ; 0            ; 0       ; 0         ; 0    ; 0            ; |CPU|Ireg:IR        ; Ireg        ; work         ;
;    |ProgCnt:PC|            ; 18 (18)             ; 32 (32)                   ; 0           ; 0            ; 0       ; 0         ; 0    ; 0            ; |CPU|ProgCnt:PC     ; ProgCnt     ; work         ;
;    |reg:Areg|              ; 0 (0)               ; 8 (8)                     ; 0           ; 0            ; 0       ; 0         ; 0    ; 0            ; |CPU|reg:Areg       ; reg         ; work         ;
;    |reg:Breg|              ; 0 (0)               ; 8 (8)                     ; 0           ; 0            ; 0       ; 0         ; 0    ; 0            ; |CPU|reg:Breg       ; reg         ; work         ;
+----------------------------+---------------------+---------------------------+-------------+--------------+---------+-----------+------+--------------+---------------------+-------------+--------------+
Note: For table entries with two numbers listed, the numbers in parentheses indicate the number of resources of the given type used by the specific entity alone. The numbers listed outside of parentheses indicate the total resources of the given type used by the specific entity and all of its sub-entities in the hierarchy.


Encoding Type:  One-Hot
+---------------------------------------------------------------------------------------------------------------------------------------------------------------------------------------------------------------------------------------------------------------------------------------------------------------------------------------------------------------------------------------------------------------------------------+
; State Machine - |CPU|Execution:Ctrl|state                                                                                                                                                                                                                                                                                                                                                                                       ;
+------------------------+------------------+----------------+----------------+-------------------+-------------------+------------------+------------------+------------------+----------------+----------------+------------------+--------------------+--------------------+--------------------+-------------------+-------------------+-------------------+--------------------+--------------------+------------------------+
; Name                   ; state.LatchNewPC ; state.LoadPCLo ; state.LoadPCHi ; state.StoreBInMem ; state.StoreAInMem ; state.LoadBRegAL ; state.LoadBRegPC ; state.LoadARegAL ; state.LoadALLo ; state.LoadALHi ; state.LoadARegPC ; state.IncrementPC3 ; state.IncrementPC2 ; state.IncrementPC1 ; state.IncrementPC ; state.CPOperation ; state.OROperation ; state.ANDOperation ; state.ADDOperation ; state.InstructionFetch ;
+------------------------+------------------+----------------+----------------+-------------------+-------------------+------------------+------------------+------------------+----------------+----------------+------------------+--------------------+--------------------+--------------------+-------------------+-------------------+-------------------+--------------------+--------------------+------------------------+
; state.InstructionFetch ; 0                ; 0              ; 0              ; 0                 ; 0                 ; 0                ; 0                ; 0                ; 0              ; 0              ; 0                ; 0                  ; 0                  ; 0                  ; 0                 ; 0                 ; 0                 ; 0                  ; 0                  ; 0                      ;
; state.ADDOperation     ; 0                ; 0              ; 0              ; 0                 ; 0                 ; 0                ; 0                ; 0                ; 0              ; 0              ; 0                ; 0                  ; 0                  ; 0                  ; 0                 ; 0                 ; 0                 ; 0                  ; 1                  ; 1                      ;
; state.ANDOperation     ; 0                ; 0              ; 0              ; 0                 ; 0                 ; 0                ; 0                ; 0                ; 0              ; 0              ; 0                ; 0                  ; 0                  ; 0                  ; 0                 ; 0                 ; 0                 ; 1                  ; 0                  ; 1                      ;
; state.OROperation      ; 0                ; 0              ; 0              ; 0                 ; 0                 ; 0                ; 0                ; 0                ; 0              ; 0              ; 0                ; 0                  ; 0                  ; 0                  ; 0                 ; 0                 ; 1                 ; 0                  ; 0                  ; 1                      ;
; state.CPOperation      ; 0                ; 0              ; 0              ; 0                 ; 0                 ; 0                ; 0                ; 0                ; 0              ; 0              ; 0                ; 0                  ; 0                  ; 0                  ; 0                 ; 1                 ; 0                 ; 0                  ; 0                  ; 1                      ;
; state.IncrementPC      ; 0                ; 0              ; 0              ; 0                 ; 0                 ; 0                ; 0                ; 0                ; 0              ; 0              ; 0                ; 0                  ; 0                  ; 0                  ; 1                 ; 0                 ; 0                 ; 0                  ; 0                  ; 1                      ;
; state.IncrementPC1     ; 0                ; 0              ; 0              ; 0                 ; 0                 ; 0                ; 0                ; 0                ; 0              ; 0              ; 0                ; 0                  ; 0                  ; 1                  ; 0                 ; 0                 ; 0                 ; 0                  ; 0                  ; 1                      ;
; state.IncrementPC2     ; 0                ; 0              ; 0              ; 0                 ; 0                 ; 0                ; 0                ; 0                ; 0              ; 0              ; 0                ; 0                  ; 1                  ; 0                  ; 0                 ; 0                 ; 0                 ; 0                  ; 0                  ; 1                      ;
; state.IncrementPC3     ; 0                ; 0              ; 0              ; 0                 ; 0                 ; 0                ; 0                ; 0                ; 0              ; 0              ; 0                ; 1                  ; 0                  ; 0                  ; 0                 ; 0                 ; 0                 ; 0                  ; 0                  ; 1                      ;
; state.LoadARegPC       ; 0                ; 0              ; 0              ; 0                 ; 0                 ; 0                ; 0                ; 0                ; 0              ; 0              ; 1                ; 0                  ; 0                  ; 0                  ; 0                 ; 0                 ; 0                 ; 0                  ; 0                  ; 1                      ;
; state.LoadALHi         ; 0                ; 0              ; 0              ; 0                 ; 0                 ; 0                ; 0                ; 0                ; 0              ; 1              ; 0                ; 0                  ; 0                  ; 0                  ; 0                 ; 0                 ; 0                 ; 0                  ; 0                  ; 1                      ;
; state.LoadALLo         ; 0                ; 0              ; 0              ; 0                 ; 0                 ; 0                ; 0                ; 0                ; 1              ; 0              ; 0                ; 0                  ; 0                  ; 0                  ; 0                 ; 0                 ; 0                 ; 0                  ; 0                  ; 1                      ;
; state.LoadARegAL       ; 0                ; 0              ; 0              ; 0                 ; 0                 ; 0                ; 0                ; 1                ; 0              ; 0              ; 0                ; 0                  ; 0                  ; 0                  ; 0                 ; 0                 ; 0                 ; 0                  ; 0                  ; 1                      ;
; state.LoadBRegPC       ; 0                ; 0              ; 0              ; 0                 ; 0                 ; 0                ; 1                ; 0                ; 0              ; 0              ; 0                ; 0                  ; 0                  ; 0                  ; 0                 ; 0                 ; 0                 ; 0                  ; 0                  ; 1                      ;
; state.LoadBRegAL       ; 0                ; 0              ; 0              ; 0                 ; 0                 ; 1                ; 0                ; 0                ; 0              ; 0              ; 0                ; 0                  ; 0                  ; 0                  ; 0                 ; 0                 ; 0                 ; 0                  ; 0                  ; 1                      ;
; state.StoreAInMem      ; 0                ; 0              ; 0              ; 0                 ; 1                 ; 0                ; 0                ; 0                ; 0              ; 0              ; 0                ; 0                  ; 0                  ; 0                  ; 0                 ; 0                 ; 0                 ; 0                  ; 0                  ; 1                      ;
; state.StoreBInMem      ; 0                ; 0              ; 0              ; 1                 ; 0                 ; 0                ; 0                ; 0                ; 0              ; 0              ; 0                ; 0                  ; 0                  ; 0                  ; 0                 ; 0                 ; 0                 ; 0                  ; 0                  ; 1                      ;
; state.LoadPCHi         ; 0                ; 0              ; 1              ; 0                 ; 0                 ; 0                ; 0                ; 0                ; 0              ; 0              ; 0                ; 0                  ; 0                  ; 0                  ; 0                 ; 0                 ; 0                 ; 0                  ; 0                  ; 1                      ;
; state.LoadPCLo         ; 0                ; 1              ; 0              ; 0                 ; 0                 ; 0                ; 0                ; 0                ; 0              ; 0              ; 0                ; 0                  ; 0                  ; 0                  ; 0                 ; 0                 ; 0                 ; 0                  ; 0                  ; 1                      ;
; state.LatchNewPC       ; 1                ; 0              ; 0              ; 0                 ; 0                 ; 0                ; 0                ; 0                ; 0              ; 0              ; 0                ; 0                  ; 0                  ; 0                  ; 0                 ; 0                 ; 0                 ; 0                  ; 0                  ; 1                      ;
+------------------------+------------------+----------------+----------------+-------------------+-------------------+------------------+------------------+------------------+----------------+----------------+------------------+--------------------+--------------------+--------------------+-------------------+-------------------+-------------------+--------------------+--------------------+------------------------+


+------------------------------------------------------+
; General Register Statistics                          ;
+----------------------------------------------+-------+
; Statistic                                    ; Value ;
+----------------------------------------------+-------+
; Total registers                              ; 95    ;
; Number of registers using Synchronous Clear  ; 0     ;
; Number of registers using Synchronous Load   ; 16    ;
; Number of registers using Asynchronous Clear ; 79    ;
; Number of registers using Asynchronous Load  ; 0     ;
; Number of registers using Clock Enable       ; 74    ;
; Number of registers using Preset             ; 0     ;
+----------------------------------------------+-------+


+------------------------------------------------------------------------------------------------------------------------------------------+
; Multiplexer Restructuring Statistics (Restructuring Performed)                                                                           ;
+--------------------+-----------+---------------+----------------------+------------------------+------------+----------------------------+
; Multiplexer Inputs ; Bus Width ; Baseline Area ; Area if Restructured ; Saving if Restructured ; Registered ; Example Multiplexer Output ;
+--------------------+-----------+---------------+----------------------+------------------------+------------+----------------------------+
; 3:1                ; 16 bits   ; 32 LEs        ; 16 LEs               ; 16 LEs                 ; Yes        ; |CPU|ProgCnt:PC|data[6]    ;
; 4:1                ; 8 bits    ; 16 LEs        ; 16 LEs               ; 0 LEs                  ; No         ; |CPU|ALU:Arith|Mux5        ;
+--------------------+-----------+---------------+----------------------+------------------------+------------+----------------------------+


+-----------------------------------------------------+
; Post-Synthesis Netlist Statistics for Top Partition ;
+-----------------------+-----------------------------+
; Type                  ; Count                       ;
+-----------------------+-----------------------------+
; boundary_port         ; 28                          ;
; cycloneiii_ff         ; 95                          ;
;     CLR               ; 21                          ;
;     ENA               ; 16                          ;
;     ENA CLR           ; 42                          ;
;     ENA CLR SLD       ; 16                          ;
; cycloneiii_io_obuf    ; 24                          ;
; cycloneiii_lcell_comb ; 170                         ;
;     arith             ; 23                          ;
;         2 data inputs ; 15                          ;
;         3 data inputs ; 8                           ;
;     normal            ; 147                         ;
;         0 data inputs ; 1                           ;
;         1 data inputs ; 2                           ;
;         2 data inputs ; 18                          ;
;         3 data inputs ; 49                          ;
;         4 data inputs ; 77                          ;
;                       ;                             ;
; Max LUT depth         ; 7.00                        ;
; Average LUT depth     ; 2.93                        ;
+-----------------------+-----------------------------+


+-------------------------------+
; Elapsed Time Per Partition    ;
+----------------+--------------+
; Partition Name ; Elapsed Time ;
+----------------+--------------+
; Top            ; 00:00:01     ;
+----------------+--------------+


+-------------------------------+
; Analysis & Synthesis Messages ;
+-------------------------------+
Info: *******************************************************************
Info: Running Quartus Prime Analysis & Synthesis
    Info: Version 18.1.0 Build 625 09/12/2018 SJ Lite Edition
    Info: Processing started: Fri Mar 11 14:20:10 2022
Info: Command: quartus_map --read_settings_files=on --write_settings_files=off CPU-1 -c CPU-1
Warning (18236): Number of processors has not been specified which may cause overloading on shared machines.  Set the global assignment NUM_PARALLEL_PROCESSORS in your QSF to an appropriate value for best performance.
Info (20030): Parallel compilation is enabled and will use 4 of the 4 processors detected
Info (12021): Found 2 design units, including 1 entities, in source file reg.vhd
    Info (12022): Found design unit 1: reg-arch File: H:/Maciek/Elektronika/FPGA/Projekty/CPU-1/CPU-1/reg.vhd Line: 18
    Info (12023): Found entity 1: reg File: H:/Maciek/Elektronika/FPGA/Projekty/CPU-1/CPU-1/reg.vhd Line: 5
Info (12021): Found 2 design units, including 1 entities, in source file alu.vhd
    Info (12022): Found design unit 1: ALU-arch File: H:/Maciek/Elektronika/FPGA/Projekty/CPU-1/CPU-1/ALU.vhd Line: 19
    Info (12023): Found entity 1: ALU File: H:/Maciek/Elektronika/FPGA/Projekty/CPU-1/CPU-1/ALU.vhd Line: 5
Info (12021): Found 2 design units, including 1 entities, in source file cpu.vhd
    Info (12022): Found design unit 1: CPU-arch File: H:/Maciek/Elektronika/FPGA/Projekty/CPU-1/CPU-1/CPU.vhd Line: 18
    Info (12023): Found entity 1: CPU File: H:/Maciek/Elektronika/FPGA/Projekty/CPU-1/CPU-1/CPU.vhd Line: 6
Info (12021): Found 2 design units, including 1 entities, in source file execution.vhd
    Info (12022): Found design unit 1: Execution-arch File: H:/Maciek/Elektronika/FPGA/Projekty/CPU-1/CPU-1/Execution.vhd Line: 58
    Info (12023): Found entity 1: Execution File: H:/Maciek/Elektronika/FPGA/Projekty/CPU-1/CPU-1/Execution.vhd Line: 5
Info (12021): Found 2 design units, including 1 entities, in source file progcnt.vhd
    Info (12022): Found design unit 1: ProgCnt-arch File: H:/Maciek/Elektronika/FPGA/Projekty/CPU-1/CPU-1/ProgCnt.vhd Line: 20
    Info (12023): Found entity 1: ProgCnt File: H:/Maciek/Elektronika/FPGA/Projekty/CPU-1/CPU-1/ProgCnt.vhd Line: 5
Info (12021): Found 2 design units, including 1 entities, in source file flagreg.vhd
    Info (12022): Found design unit 1: FlagReg-arch File: H:/Maciek/Elektronika/FPGA/Projekty/CPU-1/CPU-1/FlagReg.vhd Line: 22
    Info (12023): Found entity 1: FlagReg File: H:/Maciek/Elektronika/FPGA/Projekty/CPU-1/CPU-1/FlagReg.vhd Line: 5
Info (12021): Found 2 design units, including 1 entities, in source file addrlatch.vhd
    Info (12022): Found design unit 1: AddrLatch-arch File: H:/Maciek/Elektronika/FPGA/Projekty/CPU-1/CPU-1/AddrLatch.vhd Line: 20
    Info (12023): Found entity 1: AddrLatch File: H:/Maciek/Elektronika/FPGA/Projekty/CPU-1/CPU-1/AddrLatch.vhd Line: 4
Info (12021): Found 2 design units, including 1 entities, in source file databuffer.vhd
    Info (12022): Found design unit 1: DataBuffer-arch File: H:/Maciek/Elektronika/FPGA/Projekty/CPU-1/CPU-1/DataBuffer.vhd Line: 15
    Info (12023): Found entity 1: DataBuffer File: H:/Maciek/Elektronika/FPGA/Projekty/CPU-1/CPU-1/DataBuffer.vhd Line: 5
Info (12021): Found 2 design units, including 1 entities, in source file ireg.vhd
    Info (12022): Found design unit 1: Ireg-arch File: H:/Maciek/Elektronika/FPGA/Projekty/CPU-1/CPU-1/Ireg.vhd Line: 16
    Info (12023): Found entity 1: Ireg File: H:/Maciek/Elektronika/FPGA/Projekty/CPU-1/CPU-1/Ireg.vhd Line: 5
Info (12021): Found 2 design units, including 1 entities, in source file io.vhd
    Info (12022): Found design unit 1: IO-arch File: H:/Maciek/Elektronika/FPGA/Projekty/CPU-1/CPU-1/IO.vhd Line: 20
    Info (12023): Found entity 1: IO File: H:/Maciek/Elektronika/FPGA/Projekty/CPU-1/CPU-1/IO.vhd Line: 5
Info (12021): Found 2 design units, including 1 entities, in source file cpu_system.vhd
    Info (12022): Found design unit 1: CPU_system-arch File: H:/Maciek/Elektronika/FPGA/Projekty/CPU-1/CPU-1/CPU_system.vhd Line: 9
    Info (12023): Found entity 1: CPU_system File: H:/Maciek/Elektronika/FPGA/Projekty/CPU-1/CPU-1/CPU_system.vhd Line: 5
Info (12021): Found 2 design units, including 1 entities, in source file ram.vhd
    Info (12022): Found design unit 1: ram-SYN File: H:/Maciek/Elektronika/FPGA/Projekty/CPU-1/CPU-1/RAM.vhd Line: 55
    Info (12023): Found entity 1: RAM File: H:/Maciek/Elektronika/FPGA/Projekty/CPU-1/CPU-1/RAM.vhd Line: 42
Info (12021): Found 2 design units, including 1 entities, in source file rom.vhd
    Info (12022): Found design unit 1: rom-SYN File: H:/Maciek/Elektronika/FPGA/Projekty/CPU-1/CPU-1/ROM.vhd Line: 53
    Info (12023): Found entity 1: ROM File: H:/Maciek/Elektronika/FPGA/Projekty/CPU-1/CPU-1/ROM.vhd Line: 42
Info (12021): Found 2 design units, including 1 entities, in source file address_decoder.vhd
    Info (12022): Found design unit 1: Address_Decoder-arch File: H:/Maciek/Elektronika/FPGA/Projekty/CPU-1/CPU-1/Address_Decoder.vhd Line: 15
    Info (12023): Found entity 1: Address_Decoder File: H:/Maciek/Elektronika/FPGA/Projekty/CPU-1/CPU-1/Address_Decoder.vhd Line: 5
Info (12127): Elaborating entity "CPU" for the top level hierarchy
Info (12128): Elaborating entity "reg" for hierarchy "reg:Areg" File: H:/Maciek/Elektronika/FPGA/Projekty/CPU-1/CPU-1/CPU.vhd Line: 169
Info (12128): Elaborating entity "ALU" for hierarchy "ALU:Arith" File: H:/Maciek/Elektronika/FPGA/Projekty/CPU-1/CPU-1/CPU.vhd Line: 172
Info (12128): Elaborating entity "ProgCnt" for hierarchy "ProgCnt:PC" File: H:/Maciek/Elektronika/FPGA/Projekty/CPU-1/CPU-1/CPU.vhd Line: 175
Info (12128): Elaborating entity "FlagReg" for hierarchy "FlagReg:FR" File: H:/Maciek/Elektronika/FPGA/Projekty/CPU-1/CPU-1/CPU.vhd Line: 178
Warning (10631): VHDL Process Statement warning at FlagReg.vhd(26): inferring latch(es) for signal or variable "data", which holds its previous value in one or more paths through the process File: H:/Maciek/Elektronika/FPGA/Projekty/CPU-1/CPU-1/FlagReg.vhd Line: 26
Info (12128): Elaborating entity "AddrLatch" for hierarchy "AddrLatch:AL" File: H:/Maciek/Elektronika/FPGA/Projekty/CPU-1/CPU-1/CPU.vhd Line: 182
Info (12128): Elaborating entity "DataBuffer" for hierarchy "DataBuffer:DB" File: H:/Maciek/Elektronika/FPGA/Projekty/CPU-1/CPU-1/CPU.vhd Line: 185
Info (12128): Elaborating entity "Ireg" for hierarchy "Ireg:IR" File: H:/Maciek/Elektronika/FPGA/Projekty/CPU-1/CPU-1/CPU.vhd Line: 187
Info (12128): Elaborating entity "Execution" for hierarchy "Execution:Ctrl" File: H:/Maciek/Elektronika/FPGA/Projekty/CPU-1/CPU-1/CPU.vhd Line: 189
Warning (13046): Tri-state node(s) do not directly drive top-level pin(s)
    Warning (13049): Converted tri-state buffer "ProgCnt:PC|AddrOut[0]" feeding internal logic into a wire File: H:/Maciek/Elektronika/FPGA/Projekty/CPU-1/CPU-1/ProgCnt.vhd Line: 16
    Warning (13049): Converted tri-state buffer "ProgCnt:PC|AddrOut[1]" feeding internal logic into a wire File: H:/Maciek/Elektronika/FPGA/Projekty/CPU-1/CPU-1/ProgCnt.vhd Line: 16
    Warning (13049): Converted tri-state buffer "ProgCnt:PC|AddrOut[2]" feeding internal logic into a wire File: H:/Maciek/Elektronika/FPGA/Projekty/CPU-1/CPU-1/ProgCnt.vhd Line: 16
    Warning (13049): Converted tri-state buffer "ProgCnt:PC|AddrOut[3]" feeding internal logic into a wire File: H:/Maciek/Elektronika/FPGA/Projekty/CPU-1/CPU-1/ProgCnt.vhd Line: 16
    Warning (13049): Converted tri-state buffer "ProgCnt:PC|AddrOut[4]" feeding internal logic into a wire File: H:/Maciek/Elektronika/FPGA/Projekty/CPU-1/CPU-1/ProgCnt.vhd Line: 16
    Warning (13049): Converted tri-state buffer "ProgCnt:PC|AddrOut[5]" feeding internal logic into a wire File: H:/Maciek/Elektronika/FPGA/Projekty/CPU-1/CPU-1/ProgCnt.vhd Line: 16
    Warning (13049): Converted tri-state buffer "ProgCnt:PC|AddrOut[6]" feeding internal logic into a wire File: H:/Maciek/Elektronika/FPGA/Projekty/CPU-1/CPU-1/ProgCnt.vhd Line: 16
    Warning (13049): Converted tri-state buffer "ProgCnt:PC|AddrOut[7]" feeding internal logic into a wire File: H:/Maciek/Elektronika/FPGA/Projekty/CPU-1/CPU-1/ProgCnt.vhd Line: 16
    Warning (13049): Converted tri-state buffer "ProgCnt:PC|AddrOut[8]" feeding internal logic into a wire File: H:/Maciek/Elektronika/FPGA/Projekty/CPU-1/CPU-1/ProgCnt.vhd Line: 16
    Warning (13049): Converted tri-state buffer "ProgCnt:PC|AddrOut[9]" feeding internal logic into a wire File: H:/Maciek/Elektronika/FPGA/Projekty/CPU-1/CPU-1/ProgCnt.vhd Line: 16
    Warning (13049): Converted tri-state buffer "ProgCnt:PC|AddrOut[10]" feeding internal logic into a wire File: H:/Maciek/Elektronika/FPGA/Projekty/CPU-1/CPU-1/ProgCnt.vhd Line: 16
    Warning (13049): Converted tri-state buffer "ProgCnt:PC|AddrOut[11]" feeding internal logic into a wire File: H:/Maciek/Elektronika/FPGA/Projekty/CPU-1/CPU-1/ProgCnt.vhd Line: 16
    Warning (13049): Converted tri-state buffer "ProgCnt:PC|AddrOut[12]" feeding internal logic into a wire File: H:/Maciek/Elektronika/FPGA/Projekty/CPU-1/CPU-1/ProgCnt.vhd Line: 16
    Warning (13049): Converted tri-state buffer "ProgCnt:PC|AddrOut[13]" feeding internal logic into a wire File: H:/Maciek/Elektronika/FPGA/Projekty/CPU-1/CPU-1/ProgCnt.vhd Line: 16
    Warning (13049): Converted tri-state buffer "ProgCnt:PC|AddrOut[14]" feeding internal logic into a wire File: H:/Maciek/Elektronika/FPGA/Projekty/CPU-1/CPU-1/ProgCnt.vhd Line: 16
    Warning (13049): Converted tri-state buffer "ProgCnt:PC|AddrOut[15]" feeding internal logic into a wire File: H:/Maciek/Elektronika/FPGA/Projekty/CPU-1/CPU-1/ProgCnt.vhd Line: 16
    Warning (13049): Converted tri-state buffer "ALU:Arith|carry" feeding internal logic into a wire File: H:/Maciek/Elektronika/FPGA/Projekty/CPU-1/CPU-1/ALU.vhd Line: 13
    Warning (13049): Converted tri-state buffer "ALU:Arith|zero" feeding internal logic into a wire File: H:/Maciek/Elektronika/FPGA/Projekty/CPU-1/CPU-1/ALU.vhd Line: 12
    Warning (13049): Converted tri-state buffer "ALU:Arith|eq" feeding internal logic into a wire File: H:/Maciek/Elektronika/FPGA/Projekty/CPU-1/CPU-1/ALU.vhd Line: 14
Warning (13046): Tri-state node(s) do not directly drive top-level pin(s)
    Warning (13047): Converted the fan-out from the tri-state buffer "DataBuffer:DB|Data1[0]" to the node "AddrLatch:AL|data[0]" into an OR gate File: H:/Maciek/Elektronika/FPGA/Projekty/CPU-1/CPU-1/DataBuffer.vhd Line: 7
    Warning (13047): Converted the fan-out from the tri-state buffer "DataBuffer:DB|Data1[1]" to the node "AddrLatch:AL|data[1]" into an OR gate File: H:/Maciek/Elektronika/FPGA/Projekty/CPU-1/CPU-1/DataBuffer.vhd Line: 7
    Warning (13047): Converted the fan-out from the tri-state buffer "DataBuffer:DB|Data1[2]" to the node "AddrLatch:AL|data[2]" into an OR gate File: H:/Maciek/Elektronika/FPGA/Projekty/CPU-1/CPU-1/DataBuffer.vhd Line: 7
    Warning (13047): Converted the fan-out from the tri-state buffer "DataBuffer:DB|Data1[3]" to the node "AddrLatch:AL|data[3]" into an OR gate File: H:/Maciek/Elektronika/FPGA/Projekty/CPU-1/CPU-1/DataBuffer.vhd Line: 7
    Warning (13047): Converted the fan-out from the tri-state buffer "DataBuffer:DB|Data1[4]" to the node "AddrLatch:AL|data[4]" into an OR gate File: H:/Maciek/Elektronika/FPGA/Projekty/CPU-1/CPU-1/DataBuffer.vhd Line: 7
    Warning (13047): Converted the fan-out from the tri-state buffer "DataBuffer:DB|Data1[5]" to the node "AddrLatch:AL|data[5]" into an OR gate File: H:/Maciek/Elektronika/FPGA/Projekty/CPU-1/CPU-1/DataBuffer.vhd Line: 7
    Warning (13047): Converted the fan-out from the tri-state buffer "DataBuffer:DB|Data1[6]" to the node "AddrLatch:AL|data[6]" into an OR gate File: H:/Maciek/Elektronika/FPGA/Projekty/CPU-1/CPU-1/DataBuffer.vhd Line: 7
    Warning (13047): Converted the fan-out from the tri-state buffer "DataBuffer:DB|Data1[7]" to the node "AddrLatch:AL|data[7]" into an OR gate File: H:/Maciek/Elektronika/FPGA/Projekty/CPU-1/CPU-1/DataBuffer.vhd Line: 7
Info (286030): Timing-Driven Synthesis is running
Info (16010): Generating hard_block partition "hard_block:auto_generated_inst"
    Info (16011): Adding 0 node(s), including 0 DDIO, 0 PLL, 0 transceiver and 0 LCELL
Info (21057): Implemented 253 device resources after synthesis - the final resource count might be different
    Info (21058): Implemented 2 input pins
    Info (21059): Implemented 18 output pins
    Info (21060): Implemented 8 bidirectional pins
    Info (21061): Implemented 225 logic cells
Info: Quartus Prime Analysis & Synthesis was successful. 0 errors, 31 warnings
    Info: Peak virtual memory: 4787 megabytes
    Info: Processing ended: Fri Mar 11 14:20:27 2022
    Info: Elapsed time: 00:00:17
    Info: Total CPU time (on all processors): 00:00:24


